<?xml version="1.0" encoding="UTF-8"?>
<!-- Generated by org.testng.reporters.JUnitReportReporter -->
<testsuite hostname="DESKTOP-LONOSI6" failures="0" tests="1" name="com.hrms.testscripts.TC001" time="45.835" errors="0" timestamp="31 Jan 2024 08:15:31 GMT">
  <testcase classname="com.hrms.testscripts.TC001" name="tc001" time="45.835"/>
</testsuite> <!-- com.hrms.testscripts.TC001 -->
